[debug] [2025-08-15T13:08:06.202Z] Checked if tokens are valid: false, expires at: 1755190708508
[debug] [2025-08-15T13:08:06.204Z] Checked if tokens are valid: false, expires at: 1755190708508
[debug] [2025-08-15T13:08:06.204Z] > refreshing access token with scopes: []
[debug] [2025-08-15T13:08:06.206Z] >>> [apiv2][query] POST https://www.googleapis.com/oauth2/v3/token [none]
[debug] [2025-08-15T13:08:06.206Z] >>> [apiv2][body] POST https://www.googleapis.com/oauth2/v3/token [omitted]
[debug] [2025-08-15T13:08:06.235Z] Checked if tokens are valid: false, expires at: 1755190708508
[debug] [2025-08-15T13:08:06.235Z] Checked if tokens are valid: false, expires at: 1755190708508
[debug] [2025-08-15T13:08:06.235Z] > refreshing access token with scopes: []
[debug] [2025-08-15T13:08:06.236Z] >>> [apiv2][query] POST https://www.googleapis.com/oauth2/v3/token [none]
[debug] [2025-08-15T13:08:06.236Z] >>> [apiv2][body] POST https://www.googleapis.com/oauth2/v3/token [omitted]
[debug] [2025-08-15T13:08:06.237Z] Checked if tokens are valid: false, expires at: 1755190708508
[debug] [2025-08-15T13:08:06.237Z] Checked if tokens are valid: false, expires at: 1755190708508
[debug] [2025-08-15T13:08:06.237Z] > refreshing access token with scopes: []
[debug] [2025-08-15T13:08:06.238Z] >>> [apiv2][query] POST https://www.googleapis.com/oauth2/v3/token [none]
[debug] [2025-08-15T13:08:06.238Z] >>> [apiv2][body] POST https://www.googleapis.com/oauth2/v3/token [omitted]
[debug] [2025-08-15T13:08:06.239Z] Checked if tokens are valid: false, expires at: 1755190708508
[debug] [2025-08-15T13:08:06.239Z] Checked if tokens are valid: false, expires at: 1755190708508
[debug] [2025-08-15T13:08:06.239Z] > refreshing access token with scopes: []
[debug] [2025-08-15T13:08:06.239Z] >>> [apiv2][query] POST https://www.googleapis.com/oauth2/v3/token [none]
[debug] [2025-08-15T13:08:06.239Z] >>> [apiv2][body] POST https://www.googleapis.com/oauth2/v3/token [omitted]
[debug] [2025-08-15T13:08:06.240Z] Checked if tokens are valid: false, expires at: 1755190708508
[debug] [2025-08-15T13:08:06.240Z] Checked if tokens are valid: false, expires at: 1755190708508
[debug] [2025-08-15T13:08:06.240Z] > refreshing access token with scopes: []
[debug] [2025-08-15T13:08:06.240Z] >>> [apiv2][query] POST https://www.googleapis.com/oauth2/v3/token [none]
[debug] [2025-08-15T13:08:06.240Z] >>> [apiv2][body] POST https://www.googleapis.com/oauth2/v3/token [omitted]
[debug] [2025-08-15T13:08:06.241Z] Checked if tokens are valid: false, expires at: 1755190708508
[debug] [2025-08-15T13:08:06.241Z] Checked if tokens are valid: false, expires at: 1755190708508
[debug] [2025-08-15T13:08:06.241Z] > refreshing access token with scopes: []
[debug] [2025-08-15T13:08:06.241Z] >>> [apiv2][query] POST https://www.googleapis.com/oauth2/v3/token [none]
[debug] [2025-08-15T13:08:06.241Z] >>> [apiv2][body] POST https://www.googleapis.com/oauth2/v3/token [omitted]
[debug] [2025-08-15T13:08:06.242Z] Checked if tokens are valid: false, expires at: 1755190708508
[debug] [2025-08-15T13:08:06.242Z] Checked if tokens are valid: false, expires at: 1755190708508
[debug] [2025-08-15T13:08:06.242Z] > refreshing access token with scopes: []
[debug] [2025-08-15T13:08:06.243Z] >>> [apiv2][query] POST https://www.googleapis.com/oauth2/v3/token [none]
[debug] [2025-08-15T13:08:06.243Z] >>> [apiv2][body] POST https://www.googleapis.com/oauth2/v3/token [omitted]
[debug] [2025-08-15T13:08:06.243Z] Checked if tokens are valid: false, expires at: 1755190708508
[debug] [2025-08-15T13:08:06.244Z] Checked if tokens are valid: false, expires at: 1755190708508
[debug] [2025-08-15T13:08:06.244Z] > refreshing access token with scopes: []
[debug] [2025-08-15T13:08:06.244Z] >>> [apiv2][query] POST https://www.googleapis.com/oauth2/v3/token [none]
[debug] [2025-08-15T13:08:06.244Z] >>> [apiv2][body] POST https://www.googleapis.com/oauth2/v3/token [omitted]
[debug] [2025-08-15T13:08:06.245Z] Checked if tokens are valid: false, expires at: 1755190708508
[debug] [2025-08-15T13:08:06.245Z] Checked if tokens are valid: false, expires at: 1755190708508
[debug] [2025-08-15T13:08:06.245Z] > refreshing access token with scopes: []
[debug] [2025-08-15T13:08:06.245Z] >>> [apiv2][query] POST https://www.googleapis.com/oauth2/v3/token [none]
[debug] [2025-08-15T13:08:06.245Z] >>> [apiv2][body] POST https://www.googleapis.com/oauth2/v3/token [omitted]
[debug] [2025-08-15T13:08:06.246Z] Checked if tokens are valid: false, expires at: 1755190708508
[debug] [2025-08-15T13:08:06.246Z] Checked if tokens are valid: false, expires at: 1755190708508
[debug] [2025-08-15T13:08:06.246Z] > refreshing access token with scopes: []
[debug] [2025-08-15T13:08:06.246Z] >>> [apiv2][query] POST https://www.googleapis.com/oauth2/v3/token [none]
[debug] [2025-08-15T13:08:06.246Z] >>> [apiv2][body] POST https://www.googleapis.com/oauth2/v3/token [omitted]
[debug] [2025-08-15T13:08:06.268Z] Checked if tokens are valid: false, expires at: 1755190708508
[debug] [2025-08-15T13:08:06.269Z] Checked if tokens are valid: false, expires at: 1755190708508
[debug] [2025-08-15T13:08:06.269Z] > refreshing access token with scopes: []
[debug] [2025-08-15T13:08:06.269Z] >>> [apiv2][query] POST https://www.googleapis.com/oauth2/v3/token [none]
[debug] [2025-08-15T13:08:06.269Z] >>> [apiv2][body] POST https://www.googleapis.com/oauth2/v3/token [omitted]
[debug] [2025-08-15T13:08:06.270Z] Checked if tokens are valid: false, expires at: 1755190708508
[debug] [2025-08-15T13:08:06.270Z] Checked if tokens are valid: false, expires at: 1755190708508
[debug] [2025-08-15T13:08:06.270Z] > refreshing access token with scopes: []
[debug] [2025-08-15T13:08:06.270Z] >>> [apiv2][query] POST https://www.googleapis.com/oauth2/v3/token [none]
[debug] [2025-08-15T13:08:06.270Z] >>> [apiv2][body] POST https://www.googleapis.com/oauth2/v3/token [omitted]
[debug] [2025-08-15T13:08:06.271Z] Checked if tokens are valid: false, expires at: 1755190708508
[debug] [2025-08-15T13:08:06.271Z] Checked if tokens are valid: false, expires at: 1755190708508
[debug] [2025-08-15T13:08:06.271Z] > refreshing access token with scopes: []
[debug] [2025-08-15T13:08:06.271Z] >>> [apiv2][query] POST https://www.googleapis.com/oauth2/v3/token [none]
[debug] [2025-08-15T13:08:06.271Z] >>> [apiv2][body] POST https://www.googleapis.com/oauth2/v3/token [omitted]
[debug] [2025-08-15T13:08:06.272Z] Checked if tokens are valid: false, expires at: 1755190708508
[debug] [2025-08-15T13:08:06.272Z] Checked if tokens are valid: false, expires at: 1755190708508
[debug] [2025-08-15T13:08:06.272Z] > refreshing access token with scopes: []
[debug] [2025-08-15T13:08:06.272Z] >>> [apiv2][query] POST https://www.googleapis.com/oauth2/v3/token [none]
[debug] [2025-08-15T13:08:06.272Z] >>> [apiv2][body] POST https://www.googleapis.com/oauth2/v3/token [omitted]
[debug] [2025-08-15T13:08:06.273Z] Checked if tokens are valid: false, expires at: 1755190708508
[debug] [2025-08-15T13:08:06.273Z] Checked if tokens are valid: false, expires at: 1755190708508
[debug] [2025-08-15T13:08:06.273Z] > refreshing access token with scopes: []
[debug] [2025-08-15T13:08:06.273Z] >>> [apiv2][query] POST https://www.googleapis.com/oauth2/v3/token [none]
[debug] [2025-08-15T13:08:06.273Z] >>> [apiv2][body] POST https://www.googleapis.com/oauth2/v3/token [omitted]
[debug] [2025-08-15T13:08:06.274Z] Checked if tokens are valid: false, expires at: 1755190708508
[debug] [2025-08-15T13:08:06.274Z] Checked if tokens are valid: false, expires at: 1755190708508
[debug] [2025-08-15T13:08:06.274Z] > refreshing access token with scopes: []
[debug] [2025-08-15T13:08:06.274Z] >>> [apiv2][query] POST https://www.googleapis.com/oauth2/v3/token [none]
[debug] [2025-08-15T13:08:06.274Z] >>> [apiv2][body] POST https://www.googleapis.com/oauth2/v3/token [omitted]
[debug] [2025-08-15T13:08:06.275Z] Checked if tokens are valid: false, expires at: 1755190708508
[debug] [2025-08-15T13:08:06.275Z] Checked if tokens are valid: false, expires at: 1755190708508
[debug] [2025-08-15T13:08:06.275Z] > refreshing access token with scopes: []
[debug] [2025-08-15T13:08:06.275Z] >>> [apiv2][query] POST https://www.googleapis.com/oauth2/v3/token [none]
[debug] [2025-08-15T13:08:06.275Z] >>> [apiv2][body] POST https://www.googleapis.com/oauth2/v3/token [omitted]
[debug] [2025-08-15T13:08:06.276Z] Checked if tokens are valid: false, expires at: 1755190708508
[debug] [2025-08-15T13:08:06.276Z] Checked if tokens are valid: false, expires at: 1755190708508
[debug] [2025-08-15T13:08:06.276Z] > refreshing access token with scopes: []
[debug] [2025-08-15T13:08:06.276Z] >>> [apiv2][query] POST https://www.googleapis.com/oauth2/v3/token [none]
[debug] [2025-08-15T13:08:06.276Z] >>> [apiv2][body] POST https://www.googleapis.com/oauth2/v3/token [omitted]
[debug] [2025-08-15T13:08:06.277Z] Checked if tokens are valid: false, expires at: 1755190708508
[debug] [2025-08-15T13:08:06.277Z] Checked if tokens are valid: false, expires at: 1755190708508
[debug] [2025-08-15T13:08:06.277Z] > refreshing access token with scopes: []
[debug] [2025-08-15T13:08:06.277Z] >>> [apiv2][query] POST https://www.googleapis.com/oauth2/v3/token [none]
[debug] [2025-08-15T13:08:06.277Z] >>> [apiv2][body] POST https://www.googleapis.com/oauth2/v3/token [omitted]
[debug] [2025-08-15T13:08:06.277Z] Checked if tokens are valid: false, expires at: 1755190708508
[debug] [2025-08-15T13:08:06.278Z] Checked if tokens are valid: false, expires at: 1755190708508
[debug] [2025-08-15T13:08:06.278Z] > refreshing access token with scopes: []
[debug] [2025-08-15T13:08:06.278Z] >>> [apiv2][query] POST https://www.googleapis.com/oauth2/v3/token [none]
[debug] [2025-08-15T13:08:06.278Z] >>> [apiv2][body] POST https://www.googleapis.com/oauth2/v3/token [omitted]
[debug] [2025-08-15T13:08:06.701Z] <<< [apiv2][status] POST https://www.googleapis.com/oauth2/v3/token 200
[debug] [2025-08-15T13:08:06.701Z] <<< [apiv2][body] POST https://www.googleapis.com/oauth2/v3/token [omitted]
[debug] [2025-08-15T13:08:06.739Z] >>> [apiv2][query] GET https://serviceusage.googleapis.com/v1/projects/agriconnect-6f074/services/identitytoolkit.googleapis.com [none]
[debug] [2025-08-15T13:08:06.739Z] >>> [apiv2][(partial)header] GET https://serviceusage.googleapis.com/v1/projects/agriconnect-6f074/services/identitytoolkit.googleapis.com x-goog-quota-user=projects/agriconnect-6f074
[debug] [2025-08-15T13:08:06.740Z] <<< [apiv2][status] POST https://www.googleapis.com/oauth2/v3/token 200
[debug] [2025-08-15T13:08:06.740Z] <<< [apiv2][body] POST https://www.googleapis.com/oauth2/v3/token [omitted]
[debug] [2025-08-15T13:08:06.761Z] >>> [apiv2][query] GET https://serviceusage.googleapis.com/v1/projects/agriconnect-6f074/services/identitytoolkit.googleapis.com [none]
[debug] [2025-08-15T13:08:06.761Z] >>> [apiv2][(partial)header] GET https://serviceusage.googleapis.com/v1/projects/agriconnect-6f074/services/identitytoolkit.googleapis.com x-goog-quota-user=projects/agriconnect-6f074
[debug] [2025-08-15T13:08:06.764Z] <<< [apiv2][status] POST https://www.googleapis.com/oauth2/v3/token 200
[debug] [2025-08-15T13:08:06.764Z] <<< [apiv2][body] POST https://www.googleapis.com/oauth2/v3/token [omitted]
[debug] [2025-08-15T13:08:06.782Z] >>> [apiv2][query] GET https://serviceusage.googleapis.com/v1/projects/agriconnect-6f074/services/firestore.googleapis.com [none]
[debug] [2025-08-15T13:08:06.782Z] >>> [apiv2][(partial)header] GET https://serviceusage.googleapis.com/v1/projects/agriconnect-6f074/services/firestore.googleapis.com x-goog-quota-user=projects/agriconnect-6f074
[debug] [2025-08-15T13:08:06.783Z] <<< [apiv2][status] POST https://www.googleapis.com/oauth2/v3/token 200
[debug] [2025-08-15T13:08:06.784Z] <<< [apiv2][body] POST https://www.googleapis.com/oauth2/v3/token [omitted]
[debug] [2025-08-15T13:08:06.801Z] >>> [apiv2][query] GET https://serviceusage.googleapis.com/v1/projects/agriconnect-6f074/services/firebaseio.com [none]
[debug] [2025-08-15T13:08:06.801Z] >>> [apiv2][(partial)header] GET https://serviceusage.googleapis.com/v1/projects/agriconnect-6f074/services/firebaseio.com x-goog-quota-user=projects/agriconnect-6f074
[debug] [2025-08-15T13:08:06.803Z] <<< [apiv2][status] POST https://www.googleapis.com/oauth2/v3/token 200
[debug] [2025-08-15T13:08:06.803Z] <<< [apiv2][body] POST https://www.googleapis.com/oauth2/v3/token [omitted]
[debug] [2025-08-15T13:08:06.822Z] >>> [apiv2][query] GET https://serviceusage.googleapis.com/v1/projects/agriconnect-6f074/services/firebaseremoteconfig.googleapis.com [none]
[debug] [2025-08-15T13:08:06.822Z] >>> [apiv2][(partial)header] GET https://serviceusage.googleapis.com/v1/projects/agriconnect-6f074/services/firebaseremoteconfig.googleapis.com x-goog-quota-user=projects/agriconnect-6f074
[debug] [2025-08-15T13:08:06.823Z] <<< [apiv2][status] POST https://www.googleapis.com/oauth2/v3/token 200
[debug] [2025-08-15T13:08:06.823Z] <<< [apiv2][body] POST https://www.googleapis.com/oauth2/v3/token [omitted]
[debug] [2025-08-15T13:08:06.842Z] >>> [apiv2][query] GET https://serviceusage.googleapis.com/v1/projects/agriconnect-6f074/services/fcm.googleapis.com [none]
[debug] [2025-08-15T13:08:06.843Z] >>> [apiv2][(partial)header] GET https://serviceusage.googleapis.com/v1/projects/agriconnect-6f074/services/fcm.googleapis.com x-goog-quota-user=projects/agriconnect-6f074
[debug] [2025-08-15T13:08:06.844Z] <<< [apiv2][status] POST https://www.googleapis.com/oauth2/v3/token 200
[debug] [2025-08-15T13:08:06.844Z] <<< [apiv2][body] POST https://www.googleapis.com/oauth2/v3/token [omitted]
[debug] [2025-08-15T13:08:06.859Z] >>> [apiv2][query] GET https://serviceusage.googleapis.com/v1/projects/agriconnect-6f074/services/firebaseio.com [none]
[debug] [2025-08-15T13:08:06.859Z] >>> [apiv2][(partial)header] GET https://serviceusage.googleapis.com/v1/projects/agriconnect-6f074/services/firebaseio.com x-goog-quota-user=projects/agriconnect-6f074
[debug] [2025-08-15T13:08:06.861Z] <<< [apiv2][status] POST https://www.googleapis.com/oauth2/v3/token 200
[debug] [2025-08-15T13:08:06.861Z] <<< [apiv2][body] POST https://www.googleapis.com/oauth2/v3/token [omitted]
[debug] [2025-08-15T13:08:06.876Z] >>> [apiv2][query] GET https://serviceusage.googleapis.com/v1/projects/agriconnect-6f074/services/storage.googleapis.com [none]
[debug] [2025-08-15T13:08:06.876Z] >>> [apiv2][(partial)header] GET https://serviceusage.googleapis.com/v1/projects/agriconnect-6f074/services/storage.googleapis.com x-goog-quota-user=projects/agriconnect-6f074
[debug] [2025-08-15T13:08:06.877Z] <<< [apiv2][status] POST https://www.googleapis.com/oauth2/v3/token 200
[debug] [2025-08-15T13:08:06.877Z] <<< [apiv2][body] POST https://www.googleapis.com/oauth2/v3/token [omitted]
[debug] [2025-08-15T13:08:06.890Z] >>> [apiv2][query] GET https://serviceusage.googleapis.com/v1/projects/agriconnect-6f074/services/ [none]
[debug] [2025-08-15T13:08:06.890Z] >>> [apiv2][(partial)header] GET https://serviceusage.googleapis.com/v1/projects/agriconnect-6f074/services/ x-goog-quota-user=projects/agriconnect-6f074
[debug] [2025-08-15T13:08:06.898Z] <<< [apiv2][status] POST https://www.googleapis.com/oauth2/v3/token 200
[debug] [2025-08-15T13:08:06.898Z] <<< [apiv2][body] POST https://www.googleapis.com/oauth2/v3/token [omitted]
[debug] [2025-08-15T13:08:06.914Z] >>> [apiv2][query] GET https://serviceusage.googleapis.com/v1/projects/agriconnect-6f074/services/firebasecrashlytics.googleapis.com [none]
[debug] [2025-08-15T13:08:06.914Z] >>> [apiv2][(partial)header] GET https://serviceusage.googleapis.com/v1/projects/agriconnect-6f074/services/firebasecrashlytics.googleapis.com x-goog-quota-user=projects/agriconnect-6f074
[debug] [2025-08-15T13:08:06.916Z] <<< [apiv2][status] POST https://www.googleapis.com/oauth2/v3/token 200
[debug] [2025-08-15T13:08:06.916Z] <<< [apiv2][body] POST https://www.googleapis.com/oauth2/v3/token [omitted]
[debug] [2025-08-15T13:08:06.931Z] >>> [apiv2][query] GET https://serviceusage.googleapis.com/v1/projects/agriconnect-6f074/services/firebasedataconnect.googleapis.com [none]
[debug] [2025-08-15T13:08:06.931Z] >>> [apiv2][(partial)header] GET https://serviceusage.googleapis.com/v1/projects/agriconnect-6f074/services/firebasedataconnect.googleapis.com x-goog-quota-user=projects/agriconnect-6f074
[debug] [2025-08-15T13:08:06.932Z] <<< [apiv2][status] POST https://www.googleapis.com/oauth2/v3/token 200
[debug] [2025-08-15T13:08:06.932Z] <<< [apiv2][body] POST https://www.googleapis.com/oauth2/v3/token [omitted]
[debug] [2025-08-15T13:08:06.946Z] >>> [apiv2][query] GET https://serviceusage.googleapis.com/v1/projects/agriconnect-6f074/services/firestore.googleapis.com [none]
[debug] [2025-08-15T13:08:06.947Z] >>> [apiv2][(partial)header] GET https://serviceusage.googleapis.com/v1/projects/agriconnect-6f074/services/firestore.googleapis.com x-goog-quota-user=projects/agriconnect-6f074
[debug] [2025-08-15T13:08:06.948Z] <<< [apiv2][status] POST https://www.googleapis.com/oauth2/v3/token 200
[debug] [2025-08-15T13:08:06.948Z] <<< [apiv2][body] POST https://www.googleapis.com/oauth2/v3/token [omitted]
[debug] [2025-08-15T13:08:06.963Z] >>> [apiv2][query] GET https://serviceusage.googleapis.com/v1/projects/agriconnect-6f074/services/ [none]
[debug] [2025-08-15T13:08:06.963Z] >>> [apiv2][(partial)header] GET https://serviceusage.googleapis.com/v1/projects/agriconnect-6f074/services/ x-goog-quota-user=projects/agriconnect-6f074
[debug] [2025-08-15T13:08:06.964Z] <<< [apiv2][status] POST https://www.googleapis.com/oauth2/v3/token 200
[debug] [2025-08-15T13:08:06.964Z] <<< [apiv2][body] POST https://www.googleapis.com/oauth2/v3/token [omitted]
[debug] [2025-08-15T13:08:06.978Z] >>> [apiv2][query] GET https://serviceusage.googleapis.com/v1/projects/agriconnect-6f074/services/firebaseremoteconfig.googleapis.com [none]
[debug] [2025-08-15T13:08:06.979Z] >>> [apiv2][(partial)header] GET https://serviceusage.googleapis.com/v1/projects/agriconnect-6f074/services/firebaseremoteconfig.googleapis.com x-goog-quota-user=projects/agriconnect-6f074
[debug] [2025-08-15T13:08:06.982Z] <<< [apiv2][status] POST https://www.googleapis.com/oauth2/v3/token 200
[debug] [2025-08-15T13:08:06.982Z] <<< [apiv2][body] POST https://www.googleapis.com/oauth2/v3/token [omitted]
[debug] [2025-08-15T13:08:06.995Z] >>> [apiv2][query] GET https://serviceusage.googleapis.com/v1/projects/agriconnect-6f074/services/firebaseapphosting.googleapis.com [none]
[debug] [2025-08-15T13:08:06.995Z] >>> [apiv2][(partial)header] GET https://serviceusage.googleapis.com/v1/projects/agriconnect-6f074/services/firebaseapphosting.googleapis.com x-goog-quota-user=projects/agriconnect-6f074
[debug] [2025-08-15T13:08:06.996Z] <<< [apiv2][status] POST https://www.googleapis.com/oauth2/v3/token 200
[debug] [2025-08-15T13:08:06.996Z] <<< [apiv2][body] POST https://www.googleapis.com/oauth2/v3/token [omitted]
[debug] [2025-08-15T13:08:07.007Z] >>> [apiv2][query] GET https://serviceusage.googleapis.com/v1/projects/agriconnect-6f074/services/firebasedataconnect.googleapis.com [none]
[debug] [2025-08-15T13:08:07.008Z] >>> [apiv2][(partial)header] GET https://serviceusage.googleapis.com/v1/projects/agriconnect-6f074/services/firebasedataconnect.googleapis.com x-goog-quota-user=projects/agriconnect-6f074
[debug] [2025-08-15T13:08:07.010Z] <<< [apiv2][status] POST https://www.googleapis.com/oauth2/v3/token 200
[debug] [2025-08-15T13:08:07.010Z] <<< [apiv2][body] POST https://www.googleapis.com/oauth2/v3/token [omitted]
[debug] [2025-08-15T13:08:07.022Z] >>> [apiv2][query] GET https://serviceusage.googleapis.com/v1/projects/agriconnect-6f074/services/fcm.googleapis.com [none]
[debug] [2025-08-15T13:08:07.022Z] >>> [apiv2][(partial)header] GET https://serviceusage.googleapis.com/v1/projects/agriconnect-6f074/services/fcm.googleapis.com x-goog-quota-user=projects/agriconnect-6f074
[debug] [2025-08-15T13:08:07.023Z] <<< [apiv2][status] POST https://www.googleapis.com/oauth2/v3/token 200
[debug] [2025-08-15T13:08:07.023Z] <<< [apiv2][body] POST https://www.googleapis.com/oauth2/v3/token [omitted]
[debug] [2025-08-15T13:08:07.036Z] >>> [apiv2][query] GET https://serviceusage.googleapis.com/v1/projects/agriconnect-6f074/services/firebaseapphosting.googleapis.com [none]
[debug] [2025-08-15T13:08:07.036Z] >>> [apiv2][(partial)header] GET https://serviceusage.googleapis.com/v1/projects/agriconnect-6f074/services/firebaseapphosting.googleapis.com x-goog-quota-user=projects/agriconnect-6f074
[debug] [2025-08-15T13:08:07.038Z] <<< [apiv2][status] POST https://www.googleapis.com/oauth2/v3/token 200
[debug] [2025-08-15T13:08:07.038Z] <<< [apiv2][body] POST https://www.googleapis.com/oauth2/v3/token [omitted]
[debug] [2025-08-15T13:08:07.051Z] >>> [apiv2][query] GET https://serviceusage.googleapis.com/v1/projects/agriconnect-6f074/services/firebasecrashlytics.googleapis.com [none]
[debug] [2025-08-15T13:08:07.052Z] >>> [apiv2][(partial)header] GET https://serviceusage.googleapis.com/v1/projects/agriconnect-6f074/services/firebasecrashlytics.googleapis.com x-goog-quota-user=projects/agriconnect-6f074
[debug] [2025-08-15T13:08:07.053Z] <<< [apiv2][status] POST https://www.googleapis.com/oauth2/v3/token 200
[debug] [2025-08-15T13:08:07.053Z] <<< [apiv2][body] POST https://www.googleapis.com/oauth2/v3/token [omitted]
[debug] [2025-08-15T13:08:07.068Z] >>> [apiv2][query] GET https://serviceusage.googleapis.com/v1/projects/agriconnect-6f074/services/storage.googleapis.com [none]
[debug] [2025-08-15T13:08:07.068Z] >>> [apiv2][(partial)header] GET https://serviceusage.googleapis.com/v1/projects/agriconnect-6f074/services/storage.googleapis.com x-goog-quota-user=projects/agriconnect-6f074
[debug] [2025-08-15T13:08:07.392Z] <<< [apiv2][status] GET https://serviceusage.googleapis.com/v1/projects/agriconnect-6f074/services/firebaseio.com 403
[debug] [2025-08-15T13:08:07.392Z] <<< [apiv2][body] GET https://serviceusage.googleapis.com/v1/projects/agriconnect-6f074/services/firebaseio.com [omitted]
[debug] [2025-08-15T13:08:07.401Z] <<< [apiv2][status] GET https://serviceusage.googleapis.com/v1/projects/agriconnect-6f074/services/ 403
[debug] [2025-08-15T13:08:07.401Z] <<< [apiv2][body] GET https://serviceusage.googleapis.com/v1/projects/agriconnect-6f074/services/ [omitted]
[debug] [2025-08-15T13:08:07.517Z] <<< [apiv2][status] GET https://serviceusage.googleapis.com/v1/projects/agriconnect-6f074/services/fcm.googleapis.com 403
[debug] [2025-08-15T13:08:07.517Z] <<< [apiv2][body] GET https://serviceusage.googleapis.com/v1/projects/agriconnect-6f074/services/fcm.googleapis.com [omitted]
[debug] [2025-08-15T13:08:07.534Z] <<< [apiv2][status] GET https://serviceusage.googleapis.com/v1/projects/agriconnect-6f074/services/firebasecrashlytics.googleapis.com 403
[debug] [2025-08-15T13:08:07.534Z] <<< [apiv2][body] GET https://serviceusage.googleapis.com/v1/projects/agriconnect-6f074/services/firebasecrashlytics.googleapis.com [omitted]
[debug] [2025-08-15T13:08:07.535Z] <<< [apiv2][status] GET https://serviceusage.googleapis.com/v1/projects/agriconnect-6f074/services/firestore.googleapis.com 403
[debug] [2025-08-15T13:08:07.535Z] <<< [apiv2][body] GET https://serviceusage.googleapis.com/v1/projects/agriconnect-6f074/services/firestore.googleapis.com [omitted]
[debug] [2025-08-15T13:08:07.535Z] <<< [apiv2][status] GET https://serviceusage.googleapis.com/v1/projects/agriconnect-6f074/services/firebaseremoteconfig.googleapis.com 403
[debug] [2025-08-15T13:08:07.535Z] <<< [apiv2][body] GET https://serviceusage.googleapis.com/v1/projects/agriconnect-6f074/services/firebaseremoteconfig.googleapis.com [omitted]
[debug] [2025-08-15T13:08:07.535Z] <<< [apiv2][status] GET https://serviceusage.googleapis.com/v1/projects/agriconnect-6f074/services/identitytoolkit.googleapis.com 403
[debug] [2025-08-15T13:08:07.536Z] <<< [apiv2][body] GET https://serviceusage.googleapis.com/v1/projects/agriconnect-6f074/services/identitytoolkit.googleapis.com [omitted]
[debug] [2025-08-15T13:08:07.536Z] <<< [apiv2][status] GET https://serviceusage.googleapis.com/v1/projects/agriconnect-6f074/services/firebaseio.com 403
[debug] [2025-08-15T13:08:07.536Z] <<< [apiv2][body] GET https://serviceusage.googleapis.com/v1/projects/agriconnect-6f074/services/firebaseio.com [omitted]
[debug] [2025-08-15T13:08:07.536Z] <<< [apiv2][status] GET https://serviceusage.googleapis.com/v1/projects/agriconnect-6f074/services/storage.googleapis.com 403
[debug] [2025-08-15T13:08:07.536Z] <<< [apiv2][body] GET https://serviceusage.googleapis.com/v1/projects/agriconnect-6f074/services/storage.googleapis.com [omitted]
[debug] [2025-08-15T13:08:07.536Z] <<< [apiv2][status] GET https://serviceusage.googleapis.com/v1/projects/agriconnect-6f074/services/firebasedataconnect.googleapis.com 403
[debug] [2025-08-15T13:08:07.536Z] <<< [apiv2][body] GET https://serviceusage.googleapis.com/v1/projects/agriconnect-6f074/services/firebasedataconnect.googleapis.com [omitted]
[debug] [2025-08-15T13:08:07.615Z] <<< [apiv2][status] GET https://serviceusage.googleapis.com/v1/projects/agriconnect-6f074/services/ 403
[debug] [2025-08-15T13:08:07.615Z] <<< [apiv2][body] GET https://serviceusage.googleapis.com/v1/projects/agriconnect-6f074/services/ [omitted]
[debug] [2025-08-15T13:08:07.739Z] <<< [apiv2][status] GET https://serviceusage.googleapis.com/v1/projects/agriconnect-6f074/services/firebaseapphosting.googleapis.com 403
[debug] [2025-08-15T13:08:07.739Z] <<< [apiv2][body] GET https://serviceusage.googleapis.com/v1/projects/agriconnect-6f074/services/firebaseapphosting.googleapis.com [omitted]
[debug] [2025-08-15T13:08:07.858Z] <<< [apiv2][status] GET https://serviceusage.googleapis.com/v1/projects/agriconnect-6f074/services/firebasedataconnect.googleapis.com 403
[debug] [2025-08-15T13:08:07.858Z] <<< [apiv2][body] GET https://serviceusage.googleapis.com/v1/projects/agriconnect-6f074/services/firebasedataconnect.googleapis.com [omitted]
[debug] [2025-08-15T13:08:07.858Z] <<< [apiv2][status] GET https://serviceusage.googleapis.com/v1/projects/agriconnect-6f074/services/firebasecrashlytics.googleapis.com 403
[debug] [2025-08-15T13:08:07.858Z] <<< [apiv2][body] GET https://serviceusage.googleapis.com/v1/projects/agriconnect-6f074/services/firebasecrashlytics.googleapis.com [omitted]
[debug] [2025-08-15T13:08:07.858Z] <<< [apiv2][status] GET https://serviceusage.googleapis.com/v1/projects/agriconnect-6f074/services/fcm.googleapis.com 403
[debug] [2025-08-15T13:08:07.858Z] <<< [apiv2][body] GET https://serviceusage.googleapis.com/v1/projects/agriconnect-6f074/services/fcm.googleapis.com [omitted]
[debug] [2025-08-15T13:08:07.859Z] <<< [apiv2][status] GET https://serviceusage.googleapis.com/v1/projects/agriconnect-6f074/services/identitytoolkit.googleapis.com 403
[debug] [2025-08-15T13:08:07.859Z] <<< [apiv2][body] GET https://serviceusage.googleapis.com/v1/projects/agriconnect-6f074/services/identitytoolkit.googleapis.com [omitted]
[debug] [2025-08-15T13:08:07.859Z] <<< [apiv2][status] GET https://serviceusage.googleapis.com/v1/projects/agriconnect-6f074/services/firebaseremoteconfig.googleapis.com 403
[debug] [2025-08-15T13:08:07.859Z] <<< [apiv2][body] GET https://serviceusage.googleapis.com/v1/projects/agriconnect-6f074/services/firebaseremoteconfig.googleapis.com [omitted]
[debug] [2025-08-15T13:08:07.859Z] <<< [apiv2][status] GET https://serviceusage.googleapis.com/v1/projects/agriconnect-6f074/services/firestore.googleapis.com 403
[debug] [2025-08-15T13:08:07.859Z] <<< [apiv2][body] GET https://serviceusage.googleapis.com/v1/projects/agriconnect-6f074/services/firestore.googleapis.com [omitted]
[debug] [2025-08-15T13:08:07.862Z] > command requires scopes: ["email","openid","https://www.googleapis.com/auth/cloudplatformprojects.readonly","https://www.googleapis.com/auth/firebase","https://www.googleapis.com/auth/cloud-platform"]
[debug] [2025-08-15T13:08:07.863Z] > authorizing via signed-in user (charlie.devs.act7@gmail.com)
[debug] [2025-08-15T13:08:07.863Z] <<< [apiv2][status] GET https://serviceusage.googleapis.com/v1/projects/agriconnect-6f074/services/storage.googleapis.com 403
[debug] [2025-08-15T13:08:07.864Z] <<< [apiv2][body] GET https://serviceusage.googleapis.com/v1/projects/agriconnect-6f074/services/storage.googleapis.com [omitted]
[debug] [2025-08-15T13:08:08.026Z] <<< [apiv2][status] GET https://serviceusage.googleapis.com/v1/projects/agriconnect-6f074/services/firebaseapphosting.googleapis.com 403
[debug] [2025-08-15T13:08:08.026Z] <<< [apiv2][body] GET https://serviceusage.googleapis.com/v1/projects/agriconnect-6f074/services/firebaseapphosting.googleapis.com [omitted]
